<?xml version="1.0" encoding="UTF-8"?>
<testsuite xmlns:xsi="http://www.w3.org/2001/XMLSchema-instance" xsi:noNamespaceSchemaLocation="https://maven.apache.org/surefire/maven-surefire-plugin/xsd/surefire-test-report.xsd" name="se.nackademin.GameTest" time="0.025" tests="7" errors="0" skipped="0" failures="0">
  <properties>
[...]
</properties>
  <testcase name="shouldReturnTrue_ReleaseYear" classname="se.nackademin.GameTest" time="0"/>
  <testcase name="shouldReturnFalse_HowLongToBeat" classname="se.nackademin.GameTest" time="0"/>
  <testcase name="shouldReturnFalse_ReleaseYear" classname="se.nackademin.GameTest" time="0"/>
  <testcase name="shouldReturnTrue_Title" classname="se.nackademin.GameTest" time="0"/>
  <testcase name="shouldReturnTrue_HowLongToBeat" classname="se.nackademin.GameTest" time="0"/>
  <testcase name="shouldReturnFalseIfInputLenghtIsZero_Title" classname="se.nackademin.GameTest" time="0"/>
  <testcase name="shouldReturnFalseIfInputIsNull_Title" classname="se.nackademin.GameTest" time="0.024"/>
</testsuite>